<?xml version="1.0" encoding="UTF-8"?>
<testsuite xmlns:xsi="http://www.w3.org/2001/XMLSchema-instance" xsi:noNamespaceSchemaLocation="https://maven.apache.org/surefire/maven-surefire-plugin/xsd/surefire-test-report.xsd" name="org.example.TestExample" time="6.796" tests="3" errors="0" skipped="0" failures="0">
  <properties>
[...]
</properties>
  <testcase name="shouldCheckTheBox" classname="org.example.TestExample" time="0.554"/>
  <testcase name="shouldClickButton" classname="org.example.TestExample" time="0.209"/>
  <testcase name="shouldSearchWiki" classname="org.example.TestExample" time="1.942"/>
</testsuite>